<?xml version="1.0" encoding="UTF-8"?>
<!-- Generated by org.testng.reporters.JUnitReportReporter -->
<testsuite skipped="0" hostname="HP-ProBook" name="com.blzservice.GetBlzServiceTest" tests="2" failures="0" timestamp="30 мар 2018 18:22:47 GMT" time="0.515" errors="0">
  <testcase name="setBlzService" time="0.188" classname="com.blzservice.GetBlzServiceTest"/>
  <testcase name="anotherValue" time="0.327" classname="com.blzservice.GetBlzServiceTest"/>
</testsuite> <!-- com.blzservice.GetBlzServiceTest -->
